\BOOKMARK [1][-]{section.1}{\376\377\000F\000u\000n\000d\000a\000m\000e\000n\000t\000a\000l\000\040\000g\000r\000o\000u\000p}{}% 1
\BOOKMARK [2][-]{subsection.1.1}{\376\377\000T\000o\000p\000o\000l\000o\000g\000i\000c\000a\000l\000\040\000D\000M\000\040\000s\000t\000a\000c\000k\000s}{section.1}% 2
\BOOKMARK [2][-]{subsection.1.2}{\376\377\000H\000o\000m\000o\000t\000o\000p\000y\000\040\000t\000h\000e\000o\000r\000y\000\040\000a\000n\000d\000\040\000f\000u\000n\000d\000a\000m\000e\000n\000t\000a\000l\000\040\000g\000r\000o\000u\000p}{section.1}% 3
\BOOKMARK [2][-]{subsection.1.3}{\376\377\000S\000e\000i\000f\000e\000r\000t\000-\000V\000a\000n\000\040\000K\000a\000m\000p\000e\000n\000\040\000t\000h\000e\000o\000r\000e\000m}{section.1}% 4
\BOOKMARK [2][-]{subsection.1.4}{\376\377\000T\000h\000e\000\040\000c\000a\000s\000e\000\040\000o\000f\000\040\000a\000\040\000s\000t\000a\000c\000k\000y\000\040\000c\000u\000r\000v\000e}{section.1}% 5
\BOOKMARK [1][-]{section.2}{\376\377\000S\000h\000e\000a\000v\000e\000s\000\040\000o\000n\000\040\000[\000`\0003\003\001\0009\000`\0004\0002\000`\000"\003\007\0006\0001\0003\000A\000`\000`\0004\0005\000`\0004\0007\000`\000"\0006\0000\0003\000A\000S\000p\000e\000c\000A\000\040\000/\000\040\000G\000]}{}% 6
\BOOKMARK [2][-]{subsection.2.1}{\376\377\000C\000o\000h\000e\000r\000e\000n\000t\000\040\000s\000h\000e\000a\000v\000e\000s}{section.2}% 7
\BOOKMARK [2][-]{subsection.2.2}{\376\377\000V\000e\000c\000t\000o\000r\000\040\000b\000u\000n\000d\000l\000e\000s}{section.2}% 8
\BOOKMARK [2][-]{subsection.2.3}{\376\377\000T\000h\000e\000\040\000c\000a\000s\000e\000\040\000o\000f\000\040\000a\000\040\000s\000t\000a\000c\000k\000y\000\040\000c\000u\000r\000v\000e}{section.2}% 9
\BOOKMARK [1][-]{section.3}{\376\377\000S\000h\000e\000a\000v\000e\000s\000\040\000o\000n\000\040\000a\000\040\000s\000t\000a\000c\000k\000y\000\040\000c\000u\000r\000v\000e}{}% 10
\BOOKMARK [2][-]{subsection.3.1}{\376\377\000C\000o\000h\000e\000r\000e\000n\000t\000\040\000s\000h\000e\000a\000v\000e\000s}{section.3}% 11
\BOOKMARK [2][-]{subsection.3.2}{\376\377\000D\000e\000g\000r\000e\000e\000\040\000o\000f\000\040\000v\000e\000c\000t\000o\000r\000\040\000b\000u\000n\000d\000l\000e\000s\000\040\000o\000n\000\040\000a\000\040\000s\000t\000a\000c\000k\000y\000\040\000c\000u\000r\000v\000e}{section.3}% 12
\BOOKMARK [2][-]{subsection.3.3}{\376\377\000N\000u\000m\000e\000r\000i\000c\000a\000l\000\040\000i\000n\000v\000a\000r\000i\000a\000n\000t\000s\000\040\000f\000o\000r\000\040\000v\000e\000c\000t\000o\000r\000\040\000b\000u\000n\000d\000l\000e\000s}{section.3}% 13
\BOOKMARK [2][-]{subsection.3.4}{\376\377\000C\000o\000t\000a\000n\000g\000e\000n\000t\000\040\000s\000h\000e\000a\000f}{section.3}% 14
\BOOKMARK [1][-]{section.4}{\376\377\000M\000o\000d\000u\000l\000i\000\040\000s\000p\000a\000c\000e\000s\000\040\000o\000f\000\040\000v\000e\000c\000t\000o\000r\000\040\000b\000u\000n\000d\000l\000e\000s}{}% 15
\BOOKMARK [1][-]{section.5}{\376\377\000D\000o\000l\000b\000e\000a\000u\000l\000t\000\040\000m\000o\000d\000u\000l\000i\000\040\000s\000p\000a\000c\000e\000s}{}% 16
\BOOKMARK [1][-]{section.6}{\376\377\000B\000e\000t\000t\000i\000\040\000a\000n\000d\000\040\000D\000e\000\040\000R\000h\000a\000m\000\040\000m\000o\000d\000u\000l\000i\000\040\000s\000p\000a\000c\000e\000s}{}% 17
\BOOKMARK [2][-]{subsection.6.1}{\376\377\000T\000h\000e\000\040\000m\000o\000n\000o\000d\000r\000o\000m\000y\000\040\000r\000e\000p\000r\000e\000s\000e\000n\000t\000a\000t\000i\000o\000n}{section.6}% 18
\BOOKMARK [2][-]{subsection.6.2}{\376\377\000B\000e\000t\000t\000i\000\040\000m\000o\000d\000u\000l\000i\000\040\000s\000p\000a\000c\000e}{section.6}% 19
\BOOKMARK [1][-]{section.7}{\376\377\000T\000h\000e\000\040\000n\000o\000n\000a\000b\000e\000l\000i\000a\000n\000\040\000H\000o\000d\000g\000e\000\040\000h\000o\000m\000e\000o\000m\000o\000r\000p\000h\000i\000s\000m}{}% 20
\BOOKMARK [2][-]{subsection.7.1}{\376\377\000C\000o\000m\000p\000a\000r\000i\000n\000g\000\040\000t\000h\000e\000\040\000c\000o\000h\000o\000m\000o\000l\000o\000g\000i\000e\000s\000\040\000o\000f\000\040\000t\000h\000e\000\040\000m\000o\000d\000u\000l\000i\000\040\000s\000p\000a\000c\000e\000s}{section.7}% 21
